<?xml version="1.0" encoding="UTF-8"?>
<!-- Generated by org.testng.reporters.JUnitReportReporter -->
<testsuite hostname="DESKTOP-1U0CSC6" failures="0" tests="1" name="com.eBankingv2.testCases.TC_LoginTest_001" time="4.987" errors="0" timestamp="15 Mar 2021 17:36:47 GMT" skipped="0">
  <testcase classname="com.eBankingv2.testCases.TC_LoginTest_001" name="LoginTest" time="4.987"/>
</testsuite> <!-- com.eBankingv2.testCases.TC_LoginTest_001 -->
