<?xml version="1.0" encoding="UTF-8"?>
<!-- Generated by org.testng.reporters.JUnitReportReporter -->
<testsuite hostname="DESKTOP-1U0CSC6" failures="0" tests="1" name="com.eBankingv2.testCases.TC_003_AddNewCust_Test" time="16.106" errors="0" timestamp="18 Mar 2021 15:15:45 GMT" skipped="0">
  <testcase classname="com.eBankingv2.testCases.TC_003_AddNewCust_Test" name="addNewCust" time="16.106"/>
</testsuite> <!-- com.eBankingv2.testCases.TC_003_AddNewCust_Test -->
