<?xml version="1.0" encoding="UTF-8"?>
<!-- Generated by org.testng.reporters.JUnitReportReporter -->
<testsuite hostname="DESKTOP-1U0CSC6" failures="0" tests="2" name="com.eBankingv2.testCases.TC_LoginDDT_002_Test" time="20.805" errors="0" timestamp="17 Mar 2021 16:18:07 GMT" skipped="0">
  <testcase classname="com.eBankingv2.testCases.TC_LoginDDT_002_Test" name="LoginDDT" time="9.704"/>
  <testcase classname="com.eBankingv2.testCases.TC_LoginDDT_002_Test" name="LoginDDT" time="11.101"/>
</testsuite> <!-- com.eBankingv2.testCases.TC_LoginDDT_002_Test -->
