<?xml version="1.0" encoding="UTF-8"?>
<!-- Generated by org.testng.reporters.JUnitReportReporter -->
<testsuite hostname="DESKTOP-1U0CSC6" failures="0" tests="1" name="com.eBankingv2.testCases.TC_001_LoginTest_Test" time="2.411" errors="0" timestamp="19 Mar 2021 12:55:40 GMT" skipped="0">
  <testcase classname="com.eBankingv2.testCases.TC_001_LoginTest_Test" name="LoginTest" time="2.411"/>
</testsuite> <!-- com.eBankingv2.testCases.TC_001_LoginTest_Test -->
