<?xml version="1.0" encoding="UTF-8"?>
<!-- Generated by org.testng.reporters.JUnitReportReporter -->
<testsuite hostname="DESKTOP-1U0CSC6" failures="0" tests="1" name="com.eBankingv2.testCases.TC_LoginTest_001_Test" time="2.510" errors="0" timestamp="17 Mar 2021 16:18:07 GMT" skipped="0">
  <testcase classname="com.eBankingv2.testCases.TC_LoginTest_001_Test" name="LoginTest" time="2.510"/>
</testsuite> <!-- com.eBankingv2.testCases.TC_LoginTest_001_Test -->
