<?xml version="1.0" encoding="UTF-8"?>
<!-- Generated by org.testng.reporters.JUnitReportReporter -->
<testsuite hostname="DESKTOP-1U0CSC6" failures="0" tests="1" name="com.inetbanking.testCases.TC_LoginTest_001" time="2.022" errors="0" timestamp="15 Mar 2021 17:18:46 GMT" skipped="0">
  <testcase classname="com.inetbanking.testCases.TC_LoginTest_001" name="LoginTest" time="2.022"/>
</testsuite> <!-- com.inetbanking.testCases.TC_LoginTest_001 -->
