<?xml version="1.0" encoding="UTF-8"?>
<!-- Generated by org.testng.reporters.JUnitReportReporter -->
<testsuite skipped="0" hostname="DESKTOP-1U0CSC6" name="com.eBankingv2.testCases.TC_003_AddNewCust_Test" tests="1" failures="0" timestamp="24 Mar 2021 02:10:24 GMT" time="13.252" errors="0">
  <testcase name="addNewCust" time="13.252" classname="com.eBankingv2.testCases.TC_003_AddNewCust_Test"/>
</testsuite> <!-- com.eBankingv2.testCases.TC_003_AddNewCust_Test -->
