<?xml version="1.0" encoding="UTF-8"?>
<!-- Generated by org.testng.reporters.JUnitReportReporter -->
<testsuite skipped="0" hostname="DESKTOP-1U0CSC6" name="com.eBankingv2.testCases.TC_002_LoginDDT_Test" tests="3" failures="0" timestamp="24 Mar 2021 02:10:25 GMT" time="37.850" errors="0">
  <testcase name="LoginDDT" time="12.074" classname="com.eBankingv2.testCases.TC_002_LoginDDT_Test"/>
  <testcase name="LoginDDT" time="12.665" classname="com.eBankingv2.testCases.TC_002_LoginDDT_Test"/>
  <testcase name="LoginDDT" time="13.111" classname="com.eBankingv2.testCases.TC_002_LoginDDT_Test"/>
</testsuite> <!-- com.eBankingv2.testCases.TC_002_LoginDDT_Test -->
